Determining if the pthread_create exist failed with the following output:
Change Dir: /home/openark/CLionProjects/TSDF/build/CMakeFiles/CMakeTmp

Run Build Command:"/usr/bin/make" "cmTC_3f232/fast"
/usr/bin/make -f CMakeFiles/cmTC_3f232.dir/build.make CMakeFiles/cmTC_3f232.dir/build
make[1]: Entering directory '/home/openark/CLionProjects/TSDF/build/CMakeFiles/CMakeTmp'
Building C object CMakeFiles/cmTC_3f232.dir/CheckSymbolExists.c.o
/usr/bin/cc    -fPIC    -o CMakeFiles/cmTC_3f232.dir/CheckSymbolExists.c.o   -c /home/openark/CLionProjects/TSDF/build/CMakeFiles/CMakeTmp/CheckSymbolExists.c
Linking C executable cmTC_3f232
/usr/bin/cmake -E cmake_link_script CMakeFiles/cmTC_3f232.dir/link.txt --verbose=1
/usr/bin/cc  -fPIC     CMakeFiles/cmTC_3f232.dir/CheckSymbolExists.c.o  -o cmTC_3f232 -rdynamic 
CMakeFiles/cmTC_3f232.dir/CheckSymbolExists.c.o: In function `main':
CheckSymbolExists.c:(.text+0x1b): undefined reference to `pthread_create'
collect2: error: ld returned 1 exit status
CMakeFiles/cmTC_3f232.dir/build.make:97: recipe for target 'cmTC_3f232' failed
make[1]: *** [cmTC_3f232] Error 1
make[1]: Leaving directory '/home/openark/CLionProjects/TSDF/build/CMakeFiles/CMakeTmp'
Makefile:126: recipe for target 'cmTC_3f232/fast' failed
make: *** [cmTC_3f232/fast] Error 2

File /home/openark/CLionProjects/TSDF/build/CMakeFiles/CMakeTmp/CheckSymbolExists.c:
/* */
#include <pthread.h>

int main(int argc, char** argv)
{
  (void)argv;
#ifndef pthread_create
  return ((int*)(&pthread_create))[argc];
#else
  (void)argc;
  return 0;
#endif
}

Determining if the function pthread_create exists in the pthreads failed with the following output:
Change Dir: /home/openark/CLionProjects/TSDF/build/CMakeFiles/CMakeTmp

Run Build Command:"/usr/bin/make" "cmTC_9cc40/fast"
/usr/bin/make -f CMakeFiles/cmTC_9cc40.dir/build.make CMakeFiles/cmTC_9cc40.dir/build
make[1]: Entering directory '/home/openark/CLionProjects/TSDF/build/CMakeFiles/CMakeTmp'
Building C object CMakeFiles/cmTC_9cc40.dir/CheckFunctionExists.c.o
/usr/bin/cc    -fPIC -DCHECK_FUNCTION_EXISTS=pthread_create   -o CMakeFiles/cmTC_9cc40.dir/CheckFunctionExists.c.o   -c /usr/share/cmake-3.5/Modules/CheckFunctionExists.c
Linking C executable cmTC_9cc40
/usr/bin/cmake -E cmake_link_script CMakeFiles/cmTC_9cc40.dir/link.txt --verbose=1
/usr/bin/cc  -fPIC -DCHECK_FUNCTION_EXISTS=pthread_create    CMakeFiles/cmTC_9cc40.dir/CheckFunctionExists.c.o  -o cmTC_9cc40 -rdynamic -lpthreads 
/usr/bin/ld: cannot find -lpthreads
collect2: error: ld returned 1 exit status
CMakeFiles/cmTC_9cc40.dir/build.make:97: recipe for target 'cmTC_9cc40' failed
make[1]: *** [cmTC_9cc40] Error 1
make[1]: Leaving directory '/home/openark/CLionProjects/TSDF/build/CMakeFiles/CMakeTmp'
Makefile:126: recipe for target 'cmTC_9cc40/fast' failed
make: *** [cmTC_9cc40/fast] Error 2


Determining if the pthread_create exist failed with the following output:
Change Dir: /home/openark/CLionProjects/TSDF/build/CMakeFiles/CMakeTmp

Run Build Command:"/usr/bin/make" "cmTC_db42a/fast"
/usr/bin/make -f CMakeFiles/cmTC_db42a.dir/build.make CMakeFiles/cmTC_db42a.dir/build
make[1]: Entering directory '/home/openark/CLionProjects/TSDF/build/CMakeFiles/CMakeTmp'
Building C object CMakeFiles/cmTC_db42a.dir/CheckSymbolExists.c.o
/usr/bin/cc    -fPIC    -o CMakeFiles/cmTC_db42a.dir/CheckSymbolExists.c.o   -c /home/openark/CLionProjects/TSDF/build/CMakeFiles/CMakeTmp/CheckSymbolExists.c
Linking C executable cmTC_db42a
/usr/bin/cmake -E cmake_link_script CMakeFiles/cmTC_db42a.dir/link.txt --verbose=1
/usr/bin/cc  -fPIC     CMakeFiles/cmTC_db42a.dir/CheckSymbolExists.c.o  -o cmTC_db42a -rdynamic 
CMakeFiles/cmTC_db42a.dir/CheckSymbolExists.c.o: In function `main':
CheckSymbolExists.c:(.text+0x1b): undefined reference to `pthread_create'
collect2: error: ld returned 1 exit status
CMakeFiles/cmTC_db42a.dir/build.make:97: recipe for target 'cmTC_db42a' failed
make[1]: *** [cmTC_db42a] Error 1
make[1]: Leaving directory '/home/openark/CLionProjects/TSDF/build/CMakeFiles/CMakeTmp'
Makefile:126: recipe for target 'cmTC_db42a/fast' failed
make: *** [cmTC_db42a/fast] Error 2

File /home/openark/CLionProjects/TSDF/build/CMakeFiles/CMakeTmp/CheckSymbolExists.c:
/* */
#include <pthread.h>

int main(int argc, char** argv)
{
  (void)argv;
#ifndef pthread_create
  return ((int*)(&pthread_create))[argc];
#else
  (void)argc;
  return 0;
#endif
}

Determining if the function pthread_create exists in the pthreads failed with the following output:
Change Dir: /home/openark/CLionProjects/TSDF/build/CMakeFiles/CMakeTmp

Run Build Command:"/usr/bin/make" "cmTC_1baf4/fast"
/usr/bin/make -f CMakeFiles/cmTC_1baf4.dir/build.make CMakeFiles/cmTC_1baf4.dir/build
make[1]: Entering directory '/home/openark/CLionProjects/TSDF/build/CMakeFiles/CMakeTmp'
Building C object CMakeFiles/cmTC_1baf4.dir/CheckFunctionExists.c.o
/usr/bin/cc    -fPIC -DCHECK_FUNCTION_EXISTS=pthread_create   -o CMakeFiles/cmTC_1baf4.dir/CheckFunctionExists.c.o   -c /usr/share/cmake-3.5/Modules/CheckFunctionExists.c
Linking C executable cmTC_1baf4
/usr/bin/cmake -E cmake_link_script CMakeFiles/cmTC_1baf4.dir/link.txt --verbose=1
/usr/bin/cc  -fPIC -DCHECK_FUNCTION_EXISTS=pthread_create    CMakeFiles/cmTC_1baf4.dir/CheckFunctionExists.c.o  -o cmTC_1baf4 -rdynamic -lpthreads 
/usr/bin/ld: cannot find -lpthreads
collect2: error: ld returned 1 exit status
CMakeFiles/cmTC_1baf4.dir/build.make:97: recipe for target 'cmTC_1baf4' failed
make[1]: *** [cmTC_1baf4] Error 1
make[1]: Leaving directory '/home/openark/CLionProjects/TSDF/build/CMakeFiles/CMakeTmp'
Makefile:126: recipe for target 'cmTC_1baf4/fast' failed
make: *** [cmTC_1baf4/fast] Error 2


